<?xml version="1.0" encoding="UTF-8" ?>
<testsuite tests="30" failures="0" name="com.sg.superherosightingsapp.service.SuperHeroSightingsServiceLayerTest" time="0.003" errors="0" skipped="0">
  <properties>
[...]
</properties>
  <testcase classname="com.sg.superherosightingsapp.service.SuperHeroSightingsServiceLayerTest" name="testDeleteOrganization" time="0"/>
  <testcase classname="com.sg.superherosightingsapp.service.SuperHeroSightingsServiceLayerTest" name="testDeletePower" time="0"/>
  <testcase classname="com.sg.superherosightingsapp.service.SuperHeroSightingsServiceLayerTest" name="testGetAllOrganizations" time="0"/>
  <testcase classname="com.sg.superherosightingsapp.service.SuperHeroSightingsServiceLayerTest" name="testUpdateOrganization" time="0"/>
  <testcase classname="com.sg.superherosightingsapp.service.SuperHeroSightingsServiceLayerTest" name="testDeleteLocation" time="0.001"/>
  <testcase classname="com.sg.superherosightingsapp.service.SuperHeroSightingsServiceLayerTest" name="testGetLocationsBySuperPersonId" time="0"/>
  <testcase classname="com.sg.superherosightingsapp.service.SuperHeroSightingsServiceLayerTest" name="testAddSighting" time="0"/>
  <testcase classname="com.sg.superherosightingsapp.service.SuperHeroSightingsServiceLayerTest" name="testUpdateSuperPerson" time="0"/>
  <testcase classname="com.sg.superherosightingsapp.service.SuperHeroSightingsServiceLayerTest" name="testUpdatePower" time="0"/>
  <testcase classname="com.sg.superherosightingsapp.service.SuperHeroSightingsServiceLayerTest" name="testAddOrganization" time="0"/>
  <testcase classname="com.sg.superherosightingsapp.service.SuperHeroSightingsServiceLayerTest" name="testGetAllSightings" time="0"/>
  <testcase classname="com.sg.superherosightingsapp.service.SuperHeroSightingsServiceLayerTest" name="testGetOrganizationById" time="0"/>
  <testcase classname="com.sg.superherosightingsapp.service.SuperHeroSightingsServiceLayerTest" name="testGetAllSuperPersons" time="0"/>
  <testcase classname="com.sg.superherosightingsapp.service.SuperHeroSightingsServiceLayerTest" name="testAddPower" time="0.001"/>
  <testcase classname="com.sg.superherosightingsapp.service.SuperHeroSightingsServiceLayerTest" name="testGetSightingById" time="0"/>
  <testcase classname="com.sg.superherosightingsapp.service.SuperHeroSightingsServiceLayerTest" name="testGetSuperPersonsByLocationId" time="0.001"/>
  <testcase classname="com.sg.superherosightingsapp.service.SuperHeroSightingsServiceLayerTest" name="testUpdateSighting" time="0"/>
  <testcase classname="com.sg.superherosightingsapp.service.SuperHeroSightingsServiceLayerTest" name="testGetSightingsByDate" time="0"/>
  <testcase classname="com.sg.superherosightingsapp.service.SuperHeroSightingsServiceLayerTest" name="testDeleteSuperPerson" time="0"/>
  <testcase classname="com.sg.superherosightingsapp.service.SuperHeroSightingsServiceLayerTest" name="testAddLocation" time="0"/>
  <testcase classname="com.sg.superherosightingsapp.service.SuperHeroSightingsServiceLayerTest" name="testGetAllPowers" time="0"/>
  <testcase classname="com.sg.superherosightingsapp.service.SuperHeroSightingsServiceLayerTest" name="testGetAllOrganizationsBySuperPersonId" time="0"/>
  <testcase classname="com.sg.superherosightingsapp.service.SuperHeroSightingsServiceLayerTest" name="testDeleteSighting" time="0"/>
  <testcase classname="com.sg.superherosightingsapp.service.SuperHeroSightingsServiceLayerTest" name="testGetAllLocations" time="0"/>
  <testcase classname="com.sg.superherosightingsapp.service.SuperHeroSightingsServiceLayerTest" name="testGetLocationById" time="0"/>
  <testcase classname="com.sg.superherosightingsapp.service.SuperHeroSightingsServiceLayerTest" name="testAddSuperPerson" time="0"/>
  <testcase classname="com.sg.superherosightingsapp.service.SuperHeroSightingsServiceLayerTest" name="testUpdateLocation" time="0"/>
  <testcase classname="com.sg.superherosightingsapp.service.SuperHeroSightingsServiceLayerTest" name="testGetSuperPersonById" time="0"/>
  <testcase classname="com.sg.superherosightingsapp.service.SuperHeroSightingsServiceLayerTest" name="testGetPowerById" time="0"/>
  <testcase classname="com.sg.superherosightingsapp.service.SuperHeroSightingsServiceLayerTest" name="testGetAllSuperPersonsByOrganizationId" time="0"/>
</testsuite>